<?xml version="1.0" encoding="UTF-8"?>
<testng-results ignored="0" total="6" passed="6" failed="0" skipped="0">
  <reporter-output>
  </reporter-output>
  <suite started-at="2023-03-15T16:13:03 IST" name="Default suite" finished-at="2023-03-15T16:13:07 IST" duration-ms="3858">
    <groups>
    </groups>
    <test started-at="2023-03-15T16:13:03 IST" name="Default test" finished-at="2023-03-15T16:13:07 IST" duration-ms="3858">
      <class name="demo.DynamicJson">
        <test-method signature="AddBook(java.lang.String,java.lang.String)[pri:1, instance:demo.DynamicJson@25084a1e]" started-at="2023-03-15T16:13:03 IST" name="AddBook" data-provider="BookData" finished-at="2023-03-15T16:13:06 IST" duration-ms="2893" status="PASS">
          <params>
            <param index="0">
              <value>
                <![CDATA[mjp]]>
              </value>
            </param>
            <param index="1">
              <value>
                <![CDATA[996]]>
              </value>
            </param>
          </params>
          <reporter-output>
          </reporter-output>
        </test-method> <!-- AddBook -->
        <test-method signature="AddBook(java.lang.String,java.lang.String)[pri:1, instance:demo.DynamicJson@25084a1e]" started-at="2023-03-15T16:13:06 IST" name="AddBook" data-provider="BookData" finished-at="2023-03-15T16:13:06 IST" duration-ms="215" status="PASS">
          <params>
            <param index="0">
              <value>
                <![CDATA[mjp]]>
              </value>
            </param>
            <param index="1">
              <value>
                <![CDATA[997]]>
              </value>
            </param>
          </params>
          <reporter-output>
          </reporter-output>
        </test-method> <!-- AddBook -->
        <test-method signature="AddBook(java.lang.String,java.lang.String)[pri:1, instance:demo.DynamicJson@25084a1e]" started-at="2023-03-15T16:13:06 IST" name="AddBook" data-provider="BookData" finished-at="2023-03-15T16:13:06 IST" duration-ms="187" status="PASS">
          <params>
            <param index="0">
              <value>
                <![CDATA[mjp]]>
              </value>
            </param>
            <param index="1">
              <value>
                <![CDATA[998]]>
              </value>
            </param>
          </params>
          <reporter-output>
          </reporter-output>
        </test-method> <!-- AddBook -->
        <test-method signature="DeleteBook(java.lang.String)[pri:2, instance:demo.DynamicJson@25084a1e]" started-at="2023-03-15T16:13:06 IST" name="DeleteBook" data-provider="BookID" finished-at="2023-03-15T16:13:06 IST" duration-ms="189" status="PASS">
          <params>
            <param index="0">
              <value>
                <![CDATA[mjp996]]>
              </value>
            </param>
          </params>
          <reporter-output>
          </reporter-output>
        </test-method> <!-- DeleteBook -->
        <test-method signature="DeleteBook(java.lang.String)[pri:2, instance:demo.DynamicJson@25084a1e]" started-at="2023-03-15T16:13:06 IST" name="DeleteBook" data-provider="BookID" finished-at="2023-03-15T16:13:06 IST" duration-ms="133" status="PASS">
          <params>
            <param index="0">
              <value>
                <![CDATA[mjp997]]>
              </value>
            </param>
          </params>
          <reporter-output>
          </reporter-output>
        </test-method> <!-- DeleteBook -->
        <test-method signature="DeleteBook(java.lang.String)[pri:2, instance:demo.DynamicJson@25084a1e]" started-at="2023-03-15T16:13:06 IST" name="DeleteBook" data-provider="BookID" finished-at="2023-03-15T16:13:07 IST" duration-ms="163" status="PASS">
          <params>
            <param index="0">
              <value>
                <![CDATA[mjp998]]>
              </value>
            </param>
          </params>
          <reporter-output>
          </reporter-output>
        </test-method> <!-- DeleteBook -->
      </class> <!-- demo.DynamicJson -->
    </test> <!-- Default test -->
  </suite> <!-- Default suite -->
</testng-results>
