<?xml version="1.0" encoding="UTF-8"?>
<testng-results ignored="0" total="1" passed="1" failed="0" skipped="0">
  <reporter-output>
  </reporter-output>
  <suite started-at="2023-03-21T15:45:10 IST" name="Default suite" finished-at="2023-03-21T15:45:12 IST" duration-ms="2313">
    <groups>
    </groups>
    <test started-at="2023-03-21T15:45:10 IST" name="Default test" finished-at="2023-03-21T15:45:12 IST" duration-ms="2313">
      <class name="TestFrameWork.excelDriven">
        <test-method signature="addBook()[pri:0, instance:TestFrameWork.excelDriven@5acf93bb]" started-at="2023-03-21T15:45:10 IST" name="addBook" finished-at="2023-03-21T15:45:12 IST" duration-ms="2285" status="PASS">
          <reporter-output>
          </reporter-output>
        </test-method> <!-- addBook -->
      </class> <!-- TestFrameWork.excelDriven -->
    </test> <!-- Default test -->
  </suite> <!-- Default suite -->
</testng-results>
