<?xml version="1.0" encoding="UTF-8"?>
<!-- Generated by org.testng.reporters.JUnitXMLReporter -->
<testsuite ignored="0" hostname="DESKTOP-57S20J4" failures="0" tests="6" name="Default test" time="3.858" errors="0" timestamp="2023-03-15T16:13:07 IST">
  <testcase classname="demo.DynamicJson" name="AddBook" time="2.893"/>
  <testcase classname="demo.DynamicJson" name="AddBook" time="0.215"/>
  <testcase classname="demo.DynamicJson" name="AddBook" time="0.187"/>
  <testcase classname="demo.DynamicJson" name="DeleteBook" time="0.189"/>
  <testcase classname="demo.DynamicJson" name="DeleteBook" time="0.133"/>
  <testcase classname="demo.DynamicJson" name="DeleteBook" time="0.163"/>
</testsuite> <!-- Default test -->
